
scontrol show jobid 161864
JobId=161864 JobName=debugjob-1-nikosd
   UserId=nikosd(3086879) GroupId=gmitsis(6003692) MCS_label=N/A
   Priority=10211650 Nice=0 Account=def-gmitsis QOS=normal
   JobState=COMPLETING Reason=NonZeroExitCode Dependency=(null)
   Requeue=0 Restarts=0 BatchFlag=0 Reboot=0 ExitCode=1:0
   RunTime=00:07:37 TimeLimit=00:30:00 TimeMin=N/A
   SubmitTime=2021-07-03T19:48:19 EligibleTime=2021-07-03T19:48:19
   AccrueTime=Unknown
   StartTime=2021-07-03T19:48:19 EndTime=2021-07-03T19:55:56 Deadline=N/A
   SuspendTime=None SecsPreSuspend=0 LastSchedEval=2021-07-03T19:48:19
   Partition=debug_full_node AllocNode:Sid=mist-login01:4128359
   ReqNodeList=(null) ExcNodeList=(null)
   NodeList=mist001
   BatchHost=mist001
   NumNodes=1 NumCPUs=128 NumTasks=32 CPUs/Task=1 ReqB:S:C:T=0:0:*:*
   TRES=cpu=128,mem=366000M,node=1,billing=4,gres/gpu=4
   Socks/Node=* NtasksPerN:B:S:C=0:0:*:* CoreSpec=*
   MinCPUsNode=1 MinMemoryNode=366000M MinTmpDiskNode=0
   Features=(null) DelayBoot=00:00:00
   OverSubscribe=NO Contiguous=0 Licenses=(null) Network=(null)
   Command=(null)
   WorkDir=/gpfs/fs0/scratch/g/gmitsis/nikosd/TMCMC_CUDA_RDA/source
   Power=
   TresPerNode=gpu:4
   MailUser=nikosd@scinet.local MailType=NONE

sacct -j 161864
       JobID    JobName    Account    Elapsed  MaxVMSize     MaxRSS  SystemCPU    UserCPU ExitCode 
------------ ---------- ---------- ---------- ---------- ---------- ---------- ---------- -------- 
161864       debugjob-+ def-gmits+   00:07:37                        00:07.775  00:03.096      1:0 
161864.exte+     extern def-gmits+   00:07:37     83648K      7104K   00:00:00   00:00:00      0:0 
161864.0           bash def-gmits+   00:07:34    462592K     17792K  00:07.775  00:03.096      1:0 
